<?xml version="1.0" encoding="UTF-8"?>
<testng-results skipped="0" failed="0" ignored="0" total="1" passed="1">
  <reporter-output>
  </reporter-output>
  <suite name="Default suite" duration-ms="2124" started-at="2019-05-13T12:31:23Z" finished-at="2019-05-13T12:31:26Z">
    <groups>
    </groups>
    <test name="Default test" duration-ms="2124" started-at="2019-05-13T12:31:23Z" finished-at="2019-05-13T12:31:26Z">
      <class name="demoAPI.GET_Request">
        <test-method status="PASS" signature="GetRequest()[pri:0, instance:demoAPI.GET_Request@17e2f02]" name="GetRequest" duration-ms="2100" started-at="2019-05-13T12:31:23Z" finished-at="2019-05-13T12:31:26Z">
          <reporter-output>
          </reporter-output>
        </test-method> <!-- GetRequest -->
      </class> <!-- demoAPI.GET_Request -->
    </test> <!-- Default test -->
  </suite> <!-- Default suite -->
</testng-results>
